[debug] [2024-09-01T12:37:03.560Z] ----------------------------------------------------------------------
[debug] [2024-09-01T12:37:03.564Z] Command:       C:\Program Files\nodejs\node.exe C:\Users\Akshya\AppData\Roaming\npm\node_modules\firebase-tools\lib\bin\firebase.js init
[debug] [2024-09-01T12:37:03.565Z] CLI Version:   13.13.1
[debug] [2024-09-01T12:37:03.565Z] Platform:      win32
[debug] [2024-09-01T12:37:03.565Z] Node Version:  v20.11.1
[debug] [2024-09-01T12:37:03.565Z] Time:          Sun Sep 01 2024 18:07:03 GMT+0530 (India Standard Time)
[debug] [2024-09-01T12:37:03.566Z] ----------------------------------------------------------------------
[debug] 
[debug] [2024-09-01T12:37:03.635Z] > command requires scopes: ["email","openid","https://www.googleapis.com/auth/cloudplatformprojects.readonly","https://www.googleapis.com/auth/firebase","https://www.googleapis.com/auth/cloud-platform"]
[debug] [2024-09-01T12:37:03.636Z] > authorizing via signed-in user (akshyamahankuda63@gmail.com)
[info] 
     ######## #### ########  ######## ########     ###     ######  ########
     ##        ##  ##     ## ##       ##     ##  ##   ##  ##       ##
     ######    ##  ########  ######   ########  #########  ######  ######
     ##        ##  ##    ##  ##       ##     ## ##     ##       ## ##
     ##       #### ##     ## ######## ########  ##     ##  ######  ########

You're about to initialize a Firebase project in this directory:

  D:\react-video-library

Before we get started, keep in mind:

  * You are initializing within an existing Firebase project directory

[info] 
=== Project Setup
[info] 
[info] First, let's associate this project directory with a Firebase project.
[info] You can create multiple project aliases by running firebase use --add, 
[info] but for now we'll just set up a default project.
[info] 
[debug] [2024-09-01T12:38:29.341Z] Using project from CLI flag: react-video-library-4615b
[debug] [2024-09-01T12:38:29.342Z] >>> [apiv2][query] GET https://firebase.googleapis.com/v1beta1/projects/react-video-library-4615b [none]
[debug] [2024-09-01T12:38:30.031Z] <<< [apiv2][status] GET https://firebase.googleapis.com/v1beta1/projects/react-video-library-4615b 401
[debug] [2024-09-01T12:38:30.032Z] <<< [apiv2][body] GET https://firebase.googleapis.com/v1beta1/projects/react-video-library-4615b {"error":{"code":401,"message":"Request had invalid authentication credentials. Expected OAuth 2 access token, login cookie or other valid authentication credential. See https://developers.google.com/identity/sign-in/web/devconsole-project.","status":"UNAUTHENTICATED"}}
[debug] [2024-09-01T12:38:30.032Z] HTTP Error: 401, Request had invalid authentication credentials. Expected OAuth 2 access token, login cookie or other valid authentication credential. See https://developers.google.com/identity/sign-in/web/devconsole-project.
[debug] [2024-09-01T12:38:30.254Z] FirebaseError: HTTP Error: 401, Request had invalid authentication credentials. Expected OAuth 2 access token, login cookie or other valid authentication credential. See https://developers.google.com/identity/sign-in/web/devconsole-project.
    at responseToError (C:\Users\Akshya\AppData\Roaming\npm\node_modules\firebase-tools\lib\responseToError.js:49:12)
    at RetryOperation._fn (C:\Users\Akshya\AppData\Roaming\npm\node_modules\firebase-tools\lib\apiv2.js:305:77)
    at process.processTicksAndRejections (node:internal/process/task_queues:95:5)
[error] 
[error] Error: Failed to get Firebase project react-video-library-4615b. Please make sure the project exists and your account has permission to access it.
[debug] [2024-09-03T07:09:45.555Z] ----------------------------------------------------------------------
[debug] [2024-09-03T07:09:45.557Z] Command:       C:\Program Files\nodejs\node.exe C:\Users\Akshya\AppData\Roaming\npm\node_modules\firebase-tools\lib\bin\firebase.js deploy
[debug] [2024-09-03T07:09:45.557Z] CLI Version:   13.13.1
[debug] [2024-09-03T07:09:45.558Z] Platform:      win32
[debug] [2024-09-03T07:09:45.558Z] Node Version:  v20.11.1
[debug] [2024-09-03T07:09:45.558Z] Time:          Tue Sep 03 2024 12:39:45 GMT+0530 (India Standard Time)
[debug] [2024-09-03T07:09:45.558Z] ----------------------------------------------------------------------
[debug] 
[debug] [2024-09-03T07:09:45.561Z] >>> [apiv2][query] GET https://firebase-public.firebaseio.com/cli.json [none]
[debug] [2024-09-03T07:09:45.682Z] > command requires scopes: ["email","openid","https://www.googleapis.com/auth/cloudplatformprojects.readonly","https://www.googleapis.com/auth/firebase","https://www.googleapis.com/auth/cloud-platform"]
[debug] [2024-09-03T07:09:45.682Z] > authorizing via signed-in user (akshyamahankuda63@gmail.com)
[debug] [2024-09-03T07:09:45.683Z] [iam] checking project react-video-library-4615b for permissions ["firebase.projects.get","firebasehosting.sites.update"]
[debug] [2024-09-03T07:09:45.684Z] >>> [apiv2][query] POST https://cloudresourcemanager.googleapis.com/v1/projects/react-video-library-4615b:testIamPermissions [none]
[debug] [2024-09-03T07:09:45.684Z] >>> [apiv2][(partial)header] POST https://cloudresourcemanager.googleapis.com/v1/projects/react-video-library-4615b:testIamPermissions x-goog-quota-user=projects/react-video-library-4615b
[debug] [2024-09-03T07:09:45.684Z] >>> [apiv2][body] POST https://cloudresourcemanager.googleapis.com/v1/projects/react-video-library-4615b:testIamPermissions {"permissions":["firebase.projects.get","firebasehosting.sites.update"]}
[debug] [2024-09-03T07:09:46.265Z] <<< [apiv2][status] GET https://firebase-public.firebaseio.com/cli.json 200
[debug] [2024-09-03T07:09:46.265Z] <<< [apiv2][body] GET https://firebase-public.firebaseio.com/cli.json {"cloudBuildErrorAfter":1594252800000,"cloudBuildWarnAfter":1590019200000,"defaultNode10After":1594252800000,"minVersion":"3.0.5","node8DeploysDisabledAfter":1613390400000,"node8RuntimeDisabledAfter":1615809600000,"node8WarnAfter":1600128000000}
[debug] [2024-09-03T07:09:47.249Z] <<< [apiv2][status] POST https://cloudresourcemanager.googleapis.com/v1/projects/react-video-library-4615b:testIamPermissions 401
[debug] [2024-09-03T07:09:47.249Z] <<< [apiv2][body] POST https://cloudresourcemanager.googleapis.com/v1/projects/react-video-library-4615b:testIamPermissions {"error":{"code":401,"message":"Request had invalid authentication credentials. Expected OAuth 2 access token, login cookie or other valid authentication credential. See https://developers.google.com/identity/sign-in/web/devconsole-project.","status":"UNAUTHENTICATED","details":[{"@type":"type.googleapis.com/google.rpc.ErrorInfo","reason":"ACCESS_TOKEN_TYPE_UNSUPPORTED","metadata":{"method":"google.cloudresourcemanager.v1.Projects.TestIamPermissions","service":"cloudresourcemanager.googleapis.com"}}]}}
[debug] [2024-09-03T07:09:47.250Z] [iam] error while checking permissions, command may fail: FirebaseError: HTTP Error: 401, Request had invalid authentication credentials. Expected OAuth 2 access token, login cookie or other valid authentication credential. See https://developers.google.com/identity/sign-in/web/devconsole-project.
[debug] [2024-09-03T07:09:47.251Z] >>> [apiv2][query] GET https://firebase.googleapis.com/v1beta1/projects/react-video-library-4615b [none]
[debug] [2024-09-03T07:09:47.500Z] <<< [apiv2][status] GET https://firebase.googleapis.com/v1beta1/projects/react-video-library-4615b 401
[debug] [2024-09-03T07:09:47.500Z] <<< [apiv2][body] GET https://firebase.googleapis.com/v1beta1/projects/react-video-library-4615b {"error":{"code":401,"message":"Request had invalid authentication credentials. Expected OAuth 2 access token, login cookie or other valid authentication credential. See https://developers.google.com/identity/sign-in/web/devconsole-project.","status":"UNAUTHENTICATED"}}
[debug] [2024-09-03T07:09:47.500Z] HTTP Error: 401, Request had invalid authentication credentials. Expected OAuth 2 access token, login cookie or other valid authentication credential. See https://developers.google.com/identity/sign-in/web/devconsole-project.
[error] 
[error] Error: Assertion failed: resolving hosting target of a site with no site name or target name. This should have caused an error earlier
